<?xml version="1.0" encoding="UTF-8"?>
<!-- Generated by org.testng.reporters.JUnitReportReporter -->
<testsuite skipped="0" hostname="idea-PC" name="by.htp.belavia.tests.SearchForFlight" tests="1" failures="0" timestamp="23 июл 2018 12:59:38 GMT" time="5.802" errors="0">
  <testcase name="searchOneWayTicketToRiga" time="5.802" classname="by.htp.belavia.tests.SearchForFlight"/>
</testsuite> <!-- by.htp.belavia.tests.SearchForFlight -->
